[debug] [2025-11-25T18:23:49.455Z] ----------------------------------------------------------------------
[debug] [2025-11-25T18:23:49.458Z] Command:       C:\Program Files\nodejs\node.exe C:\Users\Lenovo\AppData\Roaming\npm\node_modules\firebase-tools\lib\bin\firebase.js deploy --only functions:uploadProductImage
[debug] [2025-11-25T18:23:49.459Z] CLI Version:   14.26.0
[debug] [2025-11-25T18:23:49.459Z] Platform:      win32
[debug] [2025-11-25T18:23:49.459Z] Node Version:  v22.14.0
[debug] [2025-11-25T18:23:49.460Z] Time:          Tue Nov 25 2025 13:23:49 GMT-0500 (hora de Ecuador)
[debug] [2025-11-25T18:23:49.460Z] ----------------------------------------------------------------------
[debug] 
[debug] [2025-11-25T18:23:49.797Z] > command requires scopes: ["email","openid","https://www.googleapis.com/auth/cloudplatformprojects.readonly","https://www.googleapis.com/auth/firebase","https://www.googleapis.com/auth/cloud-platform"]
[debug] [2025-11-25T18:23:49.797Z] > authorizing via signed-in user (fenix.ec.inmobiliaria@gmail.com)
[debug] [2025-11-25T18:23:49.798Z] [iam] checking project jpcelectronics-52996 for permissions ["cloudfunctions.functions.create","cloudfunctions.functions.delete","cloudfunctions.functions.get","cloudfunctions.functions.list","cloudfunctions.functions.update","cloudfunctions.operations.get","firebase.projects.get"]
[debug] [2025-11-25T18:23:49.799Z] Checked if tokens are valid: true, expires at: 1764098369017
[debug] [2025-11-25T18:23:49.799Z] Checked if tokens are valid: true, expires at: 1764098369017
[debug] [2025-11-25T18:23:49.801Z] >>> [apiv2][query] POST https://cloudresourcemanager.googleapis.com/v1/projects/jpcelectronics-52996:testIamPermissions [none]
[debug] [2025-11-25T18:23:49.801Z] >>> [apiv2][(partial)header] POST https://cloudresourcemanager.googleapis.com/v1/projects/jpcelectronics-52996:testIamPermissions x-goog-quota-user=projects/jpcelectronics-52996
[debug] [2025-11-25T18:23:49.801Z] >>> [apiv2][body] POST https://cloudresourcemanager.googleapis.com/v1/projects/jpcelectronics-52996:testIamPermissions {"permissions":["cloudfunctions.functions.create","cloudfunctions.functions.delete","cloudfunctions.functions.get","cloudfunctions.functions.list","cloudfunctions.functions.update","cloudfunctions.operations.get","firebase.projects.get"]}
[debug] [2025-11-25T18:23:50.480Z] <<< [apiv2][status] POST https://cloudresourcemanager.googleapis.com/v1/projects/jpcelectronics-52996:testIamPermissions 200
[debug] [2025-11-25T18:23:50.481Z] <<< [apiv2][body] POST https://cloudresourcemanager.googleapis.com/v1/projects/jpcelectronics-52996:testIamPermissions {"permissions":["cloudfunctions.functions.create","cloudfunctions.functions.delete","cloudfunctions.functions.get","cloudfunctions.functions.list","cloudfunctions.functions.update","cloudfunctions.operations.get","firebase.projects.get"]}
[debug] [2025-11-25T18:23:50.481Z] Checked if tokens are valid: true, expires at: 1764098369017
[debug] [2025-11-25T18:23:50.481Z] Checked if tokens are valid: true, expires at: 1764098369017
[debug] [2025-11-25T18:23:50.481Z] >>> [apiv2][query] POST https://iam.googleapis.com/v1/projects/jpcelectronics-52996/serviceAccounts/jpcelectronics-52996@appspot.gserviceaccount.com:testIamPermissions [none]
[debug] [2025-11-25T18:23:50.481Z] >>> [apiv2][body] POST https://iam.googleapis.com/v1/projects/jpcelectronics-52996/serviceAccounts/jpcelectronics-52996@appspot.gserviceaccount.com:testIamPermissions {"permissions":["iam.serviceAccounts.actAs"]}
[debug] [2025-11-25T18:23:50.991Z] <<< [apiv2][status] POST https://iam.googleapis.com/v1/projects/jpcelectronics-52996/serviceAccounts/jpcelectronics-52996@appspot.gserviceaccount.com:testIamPermissions 200
[debug] [2025-11-25T18:23:50.992Z] <<< [apiv2][body] POST https://iam.googleapis.com/v1/projects/jpcelectronics-52996/serviceAccounts/jpcelectronics-52996@appspot.gserviceaccount.com:testIamPermissions {"permissions":["iam.serviceAccounts.actAs"]}
[info] 
[info] === Deploying to 'jpcelectronics-52996'...
[info] 
[info] i  deploying functions 
[debug] [2025-11-25T18:23:51.002Z] Checked if tokens are valid: true, expires at: 1764098369017
[debug] [2025-11-25T18:23:51.002Z] Checked if tokens are valid: true, expires at: 1764098369017
[debug] [2025-11-25T18:23:51.002Z] >>> [apiv2][query] GET https://cloudresourcemanager.googleapis.com/v1/projects/jpcelectronics-52996 [none]
[debug] [2025-11-25T18:23:51.192Z] <<< [apiv2][status] GET https://cloudresourcemanager.googleapis.com/v1/projects/jpcelectronics-52996 200
[debug] [2025-11-25T18:23:51.192Z] <<< [apiv2][body] GET https://cloudresourcemanager.googleapis.com/v1/projects/jpcelectronics-52996 {"projectNumber":"96793344867","projectId":"jpcelectronics-52996","lifecycleState":"ACTIVE","name":"JPCelectronics","labels":{"firebase":"enabled","firebase-core":"disabled"},"createTime":"2025-06-09T14:46:15.577306Z"}
[info] i  functions: preparing codebase default for deployment 
[info] i  functions: ensuring required API cloudfunctions.googleapis.com is enabled... 
[info] i  functions: ensuring required API cloudbuild.googleapis.com is enabled... 
[info] i  artifactregistry: ensuring required API artifactregistry.googleapis.com is enabled... 
[debug] [2025-11-25T18:23:51.199Z] Checked if tokens are valid: true, expires at: 1764098369017
[debug] [2025-11-25T18:23:51.200Z] Checked if tokens are valid: true, expires at: 1764098369017
[debug] [2025-11-25T18:23:51.200Z] >>> [apiv2][query] GET https://firebase.googleapis.com/v1beta1/projects/jpcelectronics-52996/adminSdkConfig [none]
[debug] [2025-11-25T18:23:51.809Z] <<< [apiv2][status] GET https://firebase.googleapis.com/v1beta1/projects/jpcelectronics-52996/adminSdkConfig 200
[debug] [2025-11-25T18:23:51.809Z] <<< [apiv2][body] GET https://firebase.googleapis.com/v1beta1/projects/jpcelectronics-52996/adminSdkConfig {"projectId":"jpcelectronics-52996","storageBucket":"jpcelectronics-52996.firebasestorage.app"}
[debug] [2025-11-25T18:23:51.810Z] Checked if tokens are valid: true, expires at: 1764098369017
[debug] [2025-11-25T18:23:51.810Z] Checked if tokens are valid: true, expires at: 1764098369017
[debug] [2025-11-25T18:23:51.810Z] >>> [apiv2][query] GET https://runtimeconfig.googleapis.com/v1beta1/projects/jpcelectronics-52996/configs [none]
[debug] [2025-11-25T18:23:52.112Z] <<< [apiv2][status] GET https://runtimeconfig.googleapis.com/v1beta1/projects/jpcelectronics-52996/configs 200
[debug] [2025-11-25T18:23:52.112Z] <<< [apiv2][body] GET https://runtimeconfig.googleapis.com/v1beta1/projects/jpcelectronics-52996/configs {}
[debug] [2025-11-25T18:23:52.115Z] Validating nodejs source
[warn] !  functions: package.json indicates an outdated version of firebase-functions. Please upgrade using npm install --save firebase-functions@latest in your functions directory. 
[warn] !  functions: Please note that there will be breaking changes when you upgrade. 
[debug] [2025-11-25T18:23:53.456Z] > [functions] package.json contents: {
  "name": "functions",
  "description": "Cloud Functions for handling image uploads to Cloud Storage (Admin SDK)",
  "engines": {
    "node": "20"
  },
  "dependencies": {
    "firebase-admin": "^11.0.0",
    "firebase-functions": "^4.0.0",
    "busboy": "^1.6.0"
  }
}
[debug] [2025-11-25T18:23:53.456Z] Building nodejs source
[info] i  functions: Loading and analyzing source code for codebase default to determine what to deploy 
[info] i  functions: You are using a version of firebase-functions SDK (4.9.0) that does not have support for the newest Firebase Extensions features. Please update firebase-functions SDK to >=5.1.0 to use them correctly 
[debug] [2025-11-25T18:23:53.458Z] Could not find functions.yaml. Must use http discovery
[debug] [2025-11-25T18:23:53.471Z] Found firebase-functions binary at 'C:\Users\Lenovo\Desktop\pre preprofesional\jpc electronics\ajpc\functions\node_modules\.bin\firebase-functions'
[info] Serving at port 8168

[debug] [2025-11-25T18:23:54.375Z] Got response from /__/functions.yaml {"endpoints":{"uploadProductImage":{"platform":"gcfv1","availableMemoryMb":null,"timeoutSeconds":null,"minInstances":null,"maxInstances":null,"ingressSettings":null,"serviceAccountEmail":null,"vpc":null,"httpsTrigger":{},"entryPoint":"uploadProductImage"}},"specVersion":"v1alpha1","requiredAPIs":[]}
[info] i  functions: preparing functions directory for uploading... 
[info] i  functions: packaged C:\Users\Lenovo\Desktop\pre preprofesional\jpc electronics\ajpc\functions (39.31 KB) for uploading 
[debug] [2025-11-25T18:23:58.517Z] Checked if tokens are valid: true, expires at: 1764098369017
[debug] [2025-11-25T18:23:58.518Z] Checked if tokens are valid: true, expires at: 1764098369017
[debug] [2025-11-25T18:23:58.518Z] >>> [apiv2][query] GET https://cloudfunctions.googleapis.com/v1/projects/jpcelectronics-52996/locations/-/functions [none]
[debug] [2025-11-25T18:23:59.486Z] <<< [apiv2][status] GET https://cloudfunctions.googleapis.com/v1/projects/jpcelectronics-52996/locations/-/functions 200
[debug] [2025-11-25T18:23:59.486Z] <<< [apiv2][body] GET https://cloudfunctions.googleapis.com/v1/projects/jpcelectronics-52996/locations/-/functions {}
[debug] [2025-11-25T18:23:59.486Z] Checked if tokens are valid: true, expires at: 1764098369017
[debug] [2025-11-25T18:23:59.487Z] Checked if tokens are valid: true, expires at: 1764098369017
[debug] [2025-11-25T18:23:59.487Z] >>> [apiv2][query] GET https://cloudfunctions.googleapis.com/v2/projects/jpcelectronics-52996/locations/-/functions filter=environment%3D%22GEN_2%22
[debug] [2025-11-25T18:24:00.015Z] <<< [apiv2][status] GET https://cloudfunctions.googleapis.com/v2/projects/jpcelectronics-52996/locations/-/functions 200
[debug] [2025-11-25T18:24:00.016Z] <<< [apiv2][body] GET https://cloudfunctions.googleapis.com/v2/projects/jpcelectronics-52996/locations/-/functions {}
[debug] [2025-11-25T18:24:00.021Z] Checked if tokens are valid: true, expires at: 1764098369017
[debug] [2025-11-25T18:24:00.022Z] Checked if tokens are valid: true, expires at: 1764098369017
[debug] [2025-11-25T18:24:00.022Z] >>> [apiv2][query] GET https://cloudresourcemanager.googleapis.com/v1/projects/jpcelectronics-52996 [none]
[debug] [2025-11-25T18:24:00.615Z] <<< [apiv2][status] GET https://cloudresourcemanager.googleapis.com/v1/projects/jpcelectronics-52996 200
[debug] [2025-11-25T18:24:00.615Z] <<< [apiv2][body] GET https://cloudresourcemanager.googleapis.com/v1/projects/jpcelectronics-52996 {"projectNumber":"96793344867","projectId":"jpcelectronics-52996","lifecycleState":"ACTIVE","name":"JPCelectronics","labels":{"firebase":"enabled","firebase-core":"disabled"},"createTime":"2025-06-09T14:46:15.577306Z"}
[debug] [2025-11-25T18:24:00.617Z] [functions] found 1 new HTTP functions, testing setIamPolicy permission...
[debug] [2025-11-25T18:24:00.617Z] Checked if tokens are valid: true, expires at: 1764098369017
[debug] [2025-11-25T18:24:00.617Z] Checked if tokens are valid: true, expires at: 1764098369017
[debug] [2025-11-25T18:24:00.618Z] >>> [apiv2][query] POST https://cloudresourcemanager.googleapis.com/v1/projects/jpcelectronics-52996:testIamPermissions [none]
[debug] [2025-11-25T18:24:00.618Z] >>> [apiv2][(partial)header] POST https://cloudresourcemanager.googleapis.com/v1/projects/jpcelectronics-52996:testIamPermissions x-goog-quota-user=projects/jpcelectronics-52996
[debug] [2025-11-25T18:24:00.618Z] >>> [apiv2][body] POST https://cloudresourcemanager.googleapis.com/v1/projects/jpcelectronics-52996:testIamPermissions {"permissions":["cloudfunctions.functions.setIamPolicy"]}
[debug] [2025-11-25T18:24:00.735Z] <<< [apiv2][status] POST https://cloudresourcemanager.googleapis.com/v1/projects/jpcelectronics-52996:testIamPermissions 200
[debug] [2025-11-25T18:24:00.736Z] <<< [apiv2][body] POST https://cloudresourcemanager.googleapis.com/v1/projects/jpcelectronics-52996:testIamPermissions {"permissions":["cloudfunctions.functions.setIamPolicy"]}
[debug] [2025-11-25T18:24:00.736Z] [functions] found setIamPolicy permission, proceeding with deploy
[debug] [2025-11-25T18:24:00.737Z] Checked if tokens are valid: true, expires at: 1764098369017
[debug] [2025-11-25T18:24:00.737Z] Checked if tokens are valid: true, expires at: 1764098369017
[debug] [2025-11-25T18:24:00.738Z] >>> [apiv2][query] POST https://cloudfunctions.googleapis.com/v1/projects/jpcelectronics-52996/locations/us-central1/functions:generateUploadUrl [none]
[debug] [2025-11-25T18:24:00.738Z] >>> [apiv2][body] POST https://cloudfunctions.googleapis.com/v1/projects/jpcelectronics-52996/locations/us-central1/functions:generateUploadUrl {}
[debug] [2025-11-25T18:24:20.989Z] <<< [apiv2][status] POST https://cloudfunctions.googleapis.com/v1/projects/jpcelectronics-52996/locations/us-central1/functions:generateUploadUrl 200
[debug] [2025-11-25T18:24:20.989Z] <<< [apiv2][body] POST https://cloudfunctions.googleapis.com/v1/projects/jpcelectronics-52996/locations/us-central1/functions:generateUploadUrl {"uploadUrl":"https://storage.googleapis.com/uploads-606757186499.us-central1.cloudfunctions.appspot.com/30951bb8-b690-4c21-9202-73c7b2b50005.zip?GoogleAccessId=service-96793344867@gcf-admin-robot.iam.gserviceaccount.com&Expires=1764096797&Signature=BS%2FQqgWWSun1iRd1PoHqJx8hCHAici6cK%2FceJ%2BzmNV1yC1LWPa%2Fm%2BspjPcTDTJZ4FTIMeJY6bK1NVEQGKf8T64Kyy8ipjPH9LBljZNzG5JrkEOpKrIlcge7ihSVbVovYNqYsjUvaBra3FgYDWJgZGyQ7MIf21aKfqgZqtiL27WbrVzr656ehJ7llcKur7Fe1B39AXN1kLZ5KExxc1J2MPHUXGrFZlGmfvf4ixnEgP9Yg2FrTkg48clVi9QuzFWbx8hk4jgc2%2B3%2FMUb2tx9UZo5bMrUz%2FIRE2xXmaenxP2%2FrNnUl1rGhoEP2kX9IdLmRCjGM1dYZn2Wlm0KFA1AJTNg%3D%3D"}
[debug] [2025-11-25T18:24:20.991Z] >>> [apiv2][query] PUT https://storage.googleapis.com/uploads-606757186499.us-central1.cloudfunctions.appspot.com/30951bb8-b690-4c21-9202-73c7b2b50005.zip GoogleAccessId=service-96793344867%40gcf-admin-robot.iam.gserviceaccount.com&Expires=1764096797&Signature=BS%2FQqgWWSun1iRd1PoHqJx8hCHAici6cK%2FceJ%2BzmNV1yC1LWPa%2Fm%2BspjPcTDTJZ4FTIMeJY6bK1NVEQGKf8T64Kyy8ipjPH9LBljZNzG5JrkEOpKrIlcge7ihSVbVovYNqYsjUvaBra3FgYDWJgZGyQ7MIf21aKfqgZqtiL27WbrVzr656ehJ7llcKur7Fe1B39AXN1kLZ5KExxc1J2MPHUXGrFZlGmfvf4ixnEgP9Yg2FrTkg48clVi9QuzFWbx8hk4jgc2%2B3%2FMUb2tx9UZo5bMrUz%2FIRE2xXmaenxP2%2FrNnUl1rGhoEP2kX9IdLmRCjGM1dYZn2Wlm0KFA1AJTNg%3D%3D
[debug] [2025-11-25T18:24:20.991Z] >>> [apiv2][body] PUT https://storage.googleapis.com/uploads-606757186499.us-central1.cloudfunctions.appspot.com/30951bb8-b690-4c21-9202-73c7b2b50005.zip [stream]
[debug] [2025-11-25T18:24:21.707Z] <<< [apiv2][status] PUT https://storage.googleapis.com/uploads-606757186499.us-central1.cloudfunctions.appspot.com/30951bb8-b690-4c21-9202-73c7b2b50005.zip 200
[debug] [2025-11-25T18:24:21.708Z] <<< [apiv2][body] PUT https://storage.googleapis.com/uploads-606757186499.us-central1.cloudfunctions.appspot.com/30951bb8-b690-4c21-9202-73c7b2b50005.zip [omitted]
[info] +  functions: functions source uploaded successfully 
[info] i  functions: creating Node.js 20 (1st Gen) function uploadProductImage(us-central1)... 
[debug] [2025-11-25T18:24:21.716Z] Checked if tokens are valid: true, expires at: 1764098369017
[debug] [2025-11-25T18:24:21.716Z] Checked if tokens are valid: true, expires at: 1764098369017
[debug] [2025-11-25T18:24:21.717Z] >>> [apiv2][query] POST https://cloudfunctions.googleapis.com/v1/projects/jpcelectronics-52996/locations/us-central1/functions [none]
[debug] [2025-11-25T18:24:21.717Z] >>> [apiv2][body] POST https://cloudfunctions.googleapis.com/v1/projects/jpcelectronics-52996/locations/us-central1/functions {"name":"projects/jpcelectronics-52996/locations/us-central1/functions/uploadProductImage","sourceUploadUrl":"https://storage.googleapis.com/uploads-606757186499.us-central1.cloudfunctions.appspot.com/30951bb8-b690-4c21-9202-73c7b2b50005.zip?GoogleAccessId=service-96793344867@gcf-admin-robot.iam.gserviceaccount.com&Expires=1764096797&Signature=BS%2FQqgWWSun1iRd1PoHqJx8hCHAici6cK%2FceJ%2BzmNV1yC1LWPa%2Fm%2BspjPcTDTJZ4FTIMeJY6bK1NVEQGKf8T64Kyy8ipjPH9LBljZNzG5JrkEOpKrIlcge7ihSVbVovYNqYsjUvaBra3FgYDWJgZGyQ7MIf21aKfqgZqtiL27WbrVzr656ehJ7llcKur7Fe1B39AXN1kLZ5KExxc1J2MPHUXGrFZlGmfvf4ixnEgP9Yg2FrTkg48clVi9QuzFWbx8hk4jgc2%2B3%2FMUb2tx9UZo5bMrUz%2FIRE2xXmaenxP2%2FrNnUl1rGhoEP2kX9IdLmRCjGM1dYZn2Wlm0KFA1AJTNg%3D%3D","entryPoint":"uploadProductImage","runtime":"nodejs20","dockerRegistry":"ARTIFACT_REGISTRY","labels":{"deployment-tool":"cli-firebase","firebase-functions-hash":"ffc2ba021eb76a688377044f8511fb7aa3b4881a"},"httpsTrigger":{"securityLevel":"SECURE_ALWAYS"},"minInstances":null,"maxInstances":null,"ingressSettings":null,"environmentVariables":{"FIREBASE_CONFIG":"{\"projectId\":\"jpcelectronics-52996\",\"storageBucket\":\"jpcelectronics-52996.firebasestorage.app\"}","GCLOUD_PROJECT":"jpcelectronics-52996","EVENTARC_CLOUD_EVENT_SOURCE":"projects/jpcelectronics-52996/locations/us-central1/functions/uploadProductImage"},"serviceAccountEmail":null,"availableMemoryMb":null,"timeout":null,"vpcConnector":null,"vpcConnectorEgressSettings":null,"buildEnvironmentVariables":{"GOOGLE_NODE_RUN_SCRIPTS":""}}
[debug] [2025-11-25T18:24:23.649Z] <<< [apiv2][status] POST https://cloudfunctions.googleapis.com/v1/projects/jpcelectronics-52996/locations/us-central1/functions 400
[debug] [2025-11-25T18:24:23.650Z] <<< [apiv2][body] POST https://cloudfunctions.googleapis.com/v1/projects/jpcelectronics-52996/locations/us-central1/functions {"error":{"code":400,"message":"Failed to create 1st Gen function projects/jpcelectronics-52996/locations/us-central1/functions/uploadProductImage: Default service account '96793344867-compute@developer.gserviceaccount.com' doesn't exist. Please recreate this account or specify a different account. Please visit https://cloud.google.com/functions/docs/troubleshooting for in-depth troubleshooting documentation.","status":"FAILED_PRECONDITION"}}
[warn] !  functions: failed to create function projects/jpcelectronics-52996/locations/us-central1/functions/uploadProductImage 
[error] Failed to create function projects/jpcelectronics-52996/locations/us-central1/functions/uploadProductImage
[debug] [2025-11-25T18:24:23.662Z] Total Function Deployment time: 1941
[debug] [2025-11-25T18:24:23.662Z] 1 Functions Deployed
[debug] [2025-11-25T18:24:23.662Z] 1 Functions Errored
[debug] [2025-11-25T18:24:23.662Z] 0 Function Deployments Aborted
[debug] [2025-11-25T18:24:23.662Z] Average Function Deployment time: 1939
[info] 
[info] Functions deploy had errors with the following functions:
	uploadProductImage(us-central1)
[debug] [2025-11-25T18:24:23.921Z] Not printing URL for HTTPS function. Typically this means it didn't match a filter or we failed deployment
[debug] [2025-11-25T18:24:23.922Z] Checked if tokens are valid: true, expires at: 1764098369017
[debug] [2025-11-25T18:24:23.923Z] Checked if tokens are valid: true, expires at: 1764098369017
[debug] [2025-11-25T18:24:23.923Z] >>> [apiv2][query] GET https://artifactregistry.googleapis.com/v1/projects/jpcelectronics-52996/locations/us-central1/repositories/gcf-artifacts [none]
[debug] [2025-11-25T18:24:24.570Z] <<< [apiv2][status] GET https://artifactregistry.googleapis.com/v1/projects/jpcelectronics-52996/locations/us-central1/repositories/gcf-artifacts 404
[debug] [2025-11-25T18:24:24.570Z] <<< [apiv2][body] GET https://artifactregistry.googleapis.com/v1/projects/jpcelectronics-52996/locations/us-central1/repositories/gcf-artifacts {"error":{"code":404,"message":"Requested entity was not found.","status":"NOT_FOUND"}}
[debug] [2025-11-25T18:24:24.570Z] Failed to check artifact cleanup policy for region us-central1: Request to https://artifactregistry.googleapis.com/v1/projects/jpcelectronics-52996/locations/us-central1/repositories/gcf-artifacts had HTTP Error: 404, Requested entity was not found. {"name":"FirebaseError","children":[],"context":{"body":{"error":{"code":404,"message":"Requested entity was not found.","status":"NOT_FOUND"}},"response":{"statusCode":404}},"exit":1,"message":"Request to https://artifactregistry.googleapis.com/v1/projects/jpcelectronics-52996/locations/us-central1/repositories/gcf-artifacts had HTTP Error: 404, Requested entity was not found.","status":404}
[debug] [2025-11-25T18:24:24.571Z] Functions deploy failed.
[debug] [2025-11-25T18:24:24.571Z] {
  "endpoint": {
    "id": "uploadProductImage",
    "project": "jpcelectronics-52996",
    "region": "us-central1",
    "entryPoint": "uploadProductImage",
    "platform": "gcfv1",
    "runtime": "nodejs20",
    "httpsTrigger": {},
    "serviceAccount": null,
    "ingressSettings": null,
    "availableMemoryMb": null,
    "timeoutSeconds": null,
    "maxInstances": null,
    "minInstances": null,
    "vpc": null,
    "environmentVariables": {
      "FIREBASE_CONFIG": "{\"projectId\":\"jpcelectronics-52996\",\"storageBucket\":\"jpcelectronics-52996.firebasestorage.app\"}",
      "GCLOUD_PROJECT": "jpcelectronics-52996",
      "EVENTARC_CLOUD_EVENT_SOURCE": "projects/jpcelectronics-52996/locations/us-central1/functions/uploadProductImage"
    },
    "codebase": "default",
    "targetedByOnly": true,
    "hash": "ffc2ba021eb76a688377044f8511fb7aa3b4881a",
    "labels": {
      "deployment-tool": "cli-firebase"
    }
  },
  "op": "create",
  "original": {
    "name": "FirebaseError",
    "children": [],
    "context": {
      "function": "projects/jpcelectronics-52996/locations/us-central1/functions/uploadProductImage"
    },
    "exit": 1,
    "message": "Failed to create function projects/jpcelectronics-52996/locations/us-central1/functions/uploadProductImage",
    "original": {
      "name": "FirebaseError",
      "children": [],
      "context": {
        "body": {
          "error": {
            "code": 400,
            "message": "Failed to create 1st Gen function projects/jpcelectronics-52996/locations/us-central1/functions/uploadProductImage: Default service account '96793344867-compute@developer.gserviceaccount.com' doesn't exist. Please recreate this account or specify a different account. Please visit https://cloud.google.com/functions/docs/troubleshooting for in-depth troubleshooting documentation.",
            "status": "FAILED_PRECONDITION"
          }
        },
        "response": {
          "statusCode": 400
        }
      },
      "exit": 1,
      "message": "Request to https://cloudfunctions.googleapis.com/v1/projects/jpcelectronics-52996/locations/us-central1/functions had HTTP Error: 400, Failed to create 1st Gen function projects/jpcelectronics-52996/locations/us-central1/functions/uploadProductImage: Default service account '96793344867-compute@developer.gserviceaccount.com' doesn't exist. Please recreate this account or specify a different account. Please visit https://cloud.google.com/functions/docs/troubleshooting for in-depth troubleshooting documentation.",
      "status": 400
    },
    "status": 400,
    "code": 400
  }
}
[debug] [2025-11-25T18:24:24.662Z] Error: Failed to create function uploadProductImage in region us-central1
    at C:\Users\Lenovo\AppData\Roaming\npm\node_modules\firebase-tools\lib\deploy\functions\release\fabricator.js:52:11
    at process.processTicksAndRejections (node:internal/process/task_queues:105:5)
    at async Fabricator.createV1Function (C:\Users\Lenovo\AppData\Roaming\npm\node_modules\firebase-tools\lib\deploy\functions\release\fabricator.js:194:32)
    at async Fabricator.createEndpoint (C:\Users\Lenovo\AppData\Roaming\npm\node_modules\firebase-tools\lib\deploy\functions\release\fabricator.js:134:13)
    at async handle (C:\Users\Lenovo\AppData\Roaming\npm\node_modules\firebase-tools\lib\deploy\functions\release\fabricator.js:89:17)
[error] 
[error] Error: There was an error deploying functions
